<?xml version="1.0" encoding="UTF-8"?>
<!-- Generated by org.testng.reporters.JUnitReportReporter -->
<testsuite hostname="Ban-1Skaliya-M.local" failures="0" tests="1" name="com.tivo.automation.cpi.connections.ConnectionsDBSync" time="242.732" errors="0" timestamp="23 Apr 2018 06:59:09 GMT" skipped="0">
  <testcase classname="com.tivo.automation.cpi.connections.ConnectionsDBSync" name="test" time="242.732"/>
</testsuite> <!-- com.tivo.automation.cpi.connections.ConnectionsDBSync -->
