<?xml version="1.0" encoding="UTF-8"?>
<!-- Generated by org.testng.reporters.JUnitReportReporter -->
<testsuite hostname="Ban-1Skaliya-M.local" failures="0" tests="1" name="com.tivo.automation.cpi.comparedevprod.Test3PPWebVideoObjectToObjectRelevancy" time="19.453" errors="0" timestamp="19 Apr 2018 10:27:27 GMT" skipped="0">
  <testcase classname="com.tivo.automation.cpi.comparedevprod.Test3PPWebVideoObjectToObjectRelevancy" name="test" time="19.453"/>
</testsuite> <!-- com.tivo.automation.cpi.comparedevprod.Test3PPWebVideoObjectToObjectRelevancy -->
