<?xml version="1.0" encoding="UTF-8"?>
<!-- Generated by org.testng.reporters.JUnitReportReporter -->
<testsuite hostname="Ban-1Skaliya-M.local" failures="0" tests="1" name="com.tivo.automation.cpi.ConnectionsDFProdVsDev" time="23.276" errors="0" timestamp="19 Apr 2018 04:13:59 GMT" skipped="0">
  <testcase classname="com.tivo.automation.cpi.ConnectionsDFProdVsDev" name="test" time="23.276"/>
</testsuite> <!-- com.tivo.automation.cpi.ConnectionsDFProdVsDev -->
