<?xml version="1.0" encoding="UTF-8"?>
<!-- Generated by org.testng.reporters.JUnitReportReporter -->
<testsuite hostname="ban-1skaliya-m.corporate.local" failures="0" tests="1" name="com.tivo.automation.cpi.sync.Credit" time="26.088" errors="0" timestamp="18 Apr 2018 04:41:21 GMT" skipped="0">
  <testcase classname="com.tivo.automation.cpi.sync.Credit" name="test" time="26.088"/>
</testsuite> <!-- com.tivo.automation.cpi.sync.Credit -->
