<?xml version="1.0" encoding="UTF-8"?>
<!-- Generated by org.testng.reporters.JUnitReportReporter -->
<testsuite hostname="Ban-1Skaliya-M.local" failures="0" tests="1" name="com.tivo.automation.cpi.sync.ProgramContentAvailability" time="76.217" errors="0" timestamp="25 Apr 2018 08:45:25 GMT" skipped="0">
  <testcase classname="com.tivo.automation.cpi.sync.ProgramContentAvailability" name="test" time="76.217"/>
</testsuite> <!-- com.tivo.automation.cpi.sync.ProgramContentAvailability -->
