<?xml version="1.0" encoding="UTF-8"?>
<!-- Generated by org.testng.reporters.JUnitReportReporter -->
<testsuite hostname="Ban-1Skaliya-M.local" failures="0" tests="1" name="com.tivo.automation.cpi.RichMediaImage" time="142.604" errors="0" timestamp="24 Apr 2018 05:19:13 GMT" skipped="0">
  <testcase classname="com.tivo.automation.cpi.RichMediaImage" name="test" time="142.604"/>
</testsuite> <!-- com.tivo.automation.cpi.RichMediaImage -->
