<?xml version="1.0" encoding="UTF-8"?>
<!-- Generated by org.testng.reporters.JUnitReportReporter -->
<testsuite hostname="Ban-1Skaliya-M.local" failures="0" tests="1" name="com.tivo.automation.cpi.Connections" time="14.461" errors="0" timestamp="18 Apr 2018 08:48:16 GMT" skipped="0">
  <testcase classname="com.tivo.automation.cpi.Connections" name="test" time="14.461"/>
</testsuite> <!-- com.tivo.automation.cpi.Connections -->
