<?xml version="1.0" encoding="UTF-8"?>
<!-- Generated by org.testng.reporters.JUnitReportReporter -->
<testsuite hostname="Ban-1Skaliya-M.local" failures="0" tests="1" name="com.tivo.automation.cpi.ConnectionsDBSync" time="32.936" errors="0" timestamp="19 Apr 2018 03:45:21 GMT" skipped="0">
  <testcase classname="com.tivo.automation.cpi.ConnectionsDBSync" name="test" time="32.936"/>
</testsuite> <!-- com.tivo.automation.cpi.ConnectionsDBSync -->
