<?xml version="1.0" encoding="UTF-8"?>
<!-- Generated by org.testng.reporters.JUnitReportReporter -->
<testsuite hostname="Ban-1Skaliya-M.local" failures="0" tests="1" name="com.tivo.automation.cpi.comparedevprod.Test3ppProgramRichMediasImage" time="28.389" errors="0" timestamp="19 Apr 2018 10:12:32 GMT" skipped="0">
  <testcase classname="com.tivo.automation.cpi.comparedevprod.Test3ppProgramRichMediasImage" name="test" time="28.389"/>
</testsuite> <!-- com.tivo.automation.cpi.comparedevprod.Test3ppProgramRichMediasImage -->
