<?xml version="1.0" encoding="UTF-8"?>
<!-- Generated by org.testng.reporters.JUnitReportReporter -->
<testsuite hostname="Ban-1Skaliya-M.local" failures="0" tests="1" name="com.tivo.automation.cpi.comparedevprod.TestContentAvailability" time="70.648" errors="0" timestamp="05 Apr 2018 08:27:10 GMT" skipped="0">
  <testcase classname="com.tivo.automation.cpi.comparedevprod.TestContentAvailability" name="test" time="70.648"/>
</testsuite> <!-- com.tivo.automation.cpi.comparedevprod.TestContentAvailability -->
