<?xml version="1.0" encoding="UTF-8"?>
<!-- Generated by org.testng.reporters.JUnitReportReporter -->
<testsuite hostname="Ban-1Skaliya-M.local" failures="0" tests="1" name="com.tivo.automation.cpi.ContentAvailability" time="131.085" errors="0" timestamp="25 Apr 2018 07:22:10 GMT" skipped="0">
  <testcase classname="com.tivo.automation.cpi.ContentAvailability" name="test" time="131.085"/>
</testsuite> <!-- com.tivo.automation.cpi.ContentAvailability -->
