<?xml version="1.0" encoding="UTF-8"?>
<!-- Generated by org.testng.reporters.JUnitReportReporter -->
<testsuite hostname="Ban-1Skaliya-M.local" failures="0" tests="1" name="com.tivo.automation.cpi.comparedevprod.TestRichMediaClips" time="158.542" errors="0" timestamp="15 Mar 2018 09:26:18 GMT" skipped="0">
  <testcase classname="com.tivo.automation.cpi.comparedevprod.TestRichMediaClips" name="test" time="158.542"/>
</testsuite> <!-- com.tivo.automation.cpi.comparedevprod.TestRichMediaClips -->
