<?xml version="1.0" encoding="UTF-8"?>
<!-- Generated by org.testng.reporters.JUnitReportReporter -->
<testsuite hostname="Ban-1Skaliya-M.local" failures="0" tests="1" name="com.tivo.automation.cpi.ConnectionsProdVsDev" time="30.339" errors="0" timestamp="19 Apr 2018 04:00:34 GMT" skipped="0">
  <testcase classname="com.tivo.automation.cpi.ConnectionsProdVsDev" name="test" time="30.339"/>
</testsuite> <!-- com.tivo.automation.cpi.ConnectionsProdVsDev -->
