<?xml version="1.0" encoding="UTF-8"?>
<!-- Generated by org.testng.reporters.JUnitReportReporter -->
<testsuite hostname="Ban-1Skaliya-M.local" failures="0" tests="1" name="com.tivo.automation.cpi.RichMediaImage2" time="80.206" errors="0" timestamp="25 Apr 2018 06:38:14 GMT" skipped="0">
  <testcase classname="com.tivo.automation.cpi.RichMediaImage2" name="test" time="80.206"/>
</testsuite> <!-- com.tivo.automation.cpi.RichMediaImage2 -->
