<?xml version="1.0" encoding="UTF-8"?>
<!-- Generated by org.testng.reporters.JUnitReportReporter -->
<testsuite hostname="Ban-1Skaliya-M.local" failures="0" tests="1" name="com.tivo.automation.cpi.sync.Programs" time="82.173" errors="0" timestamp="25 Apr 2018 08:47:06 GMT" skipped="0">
  <testcase classname="com.tivo.automation.cpi.sync.Programs" name="test" time="82.173"/>
</testsuite> <!-- com.tivo.automation.cpi.sync.Programs -->
