<?xml version="1.0" encoding="UTF-8"?>
<!-- Generated by org.testng.reporters.JUnitReportReporter -->
<testsuite hostname="Ban-1Skaliya-M.local" failures="0" tests="1" name="com.tivo.automation.cpi.connections.ConnectionsDBSync2" time="259.811" errors="0" timestamp="24 Apr 2018 09:02:02 GMT" skipped="0">
  <testcase classname="com.tivo.automation.cpi.connections.ConnectionsDBSync2" name="test" time="259.811"/>
</testsuite> <!-- com.tivo.automation.cpi.connections.ConnectionsDBSync2 -->
