<?xml version="1.0" encoding="UTF-8"?>
<!-- Generated by org.testng.reporters.JUnitReportReporter -->
<testsuite hostname="Ban-1Skaliya-M.local" failures="0" tests="1" name="com.tivo.automation.cpi.ReadData" time="0.030" errors="0" timestamp="01 Mar 2018 08:06:41 GMT" skipped="0">
  <testcase classname="com.tivo.automation.cpi.ReadData" name="readSourceData" time="0.030"/>
</testsuite> <!-- com.tivo.automation.cpi.ReadData -->
