<?xml version="1.0" encoding="UTF-8"?>
<!-- Generated by org.testng.reporters.JUnitReportReporter -->
<testsuite hostname="Ban-1Skaliya-M.local" failures="0" tests="1" name="com.tivo.automation.cpi.Connections3PP" time="10.948" errors="0" timestamp="19 Apr 2018 04:22:16 GMT" skipped="0">
  <testcase classname="com.tivo.automation.cpi.Connections3PP" name="test" time="10.948"/>
</testsuite> <!-- com.tivo.automation.cpi.Connections3PP -->
