<?xml version="1.0" encoding="UTF-8"?>
<!-- Generated by org.testng.reporters.JUnitReportReporter -->
<testsuite hostname="ban-1skaliya-m.corporate.local" failures="0" tests="1" name="com.tivo.automation.cpi.RichMedia" time="5.608" errors="0" timestamp="18 Apr 2018 02:49:43 GMT" skipped="0">
  <testcase classname="com.tivo.automation.cpi.RichMedia" name="test" time="5.608"/>
</testsuite> <!-- com.tivo.automation.cpi.RichMedia -->
