<?xml version="1.0" encoding="UTF-8"?>
<!-- Generated by org.testng.reporters.JUnitReportReporter -->
<testsuite hostname="Ban-1Skaliya-M.local" failures="0" tests="1" name="com.tivo.automation.cpi.comparedevprod.TestProgramBase" time="80.422" errors="0" timestamp="05 Apr 2018 08:31:15 GMT" skipped="0">
  <testcase classname="com.tivo.automation.cpi.comparedevprod.TestProgramBase" name="test" time="80.422"/>
</testsuite> <!-- com.tivo.automation.cpi.comparedevprod.TestProgramBase -->
