<?xml version="1.0" encoding="UTF-8"?>
<!-- Generated by org.testng.reporters.JUnitReportReporter -->
<testsuite hostname="Ban-1Skaliya-M.local" failures="0" tests="1" name="com.tivo.automation.cpi.comparedevprod.TestProgramRichMedias" time="255.520" errors="0" timestamp="05 Apr 2018 05:28:20 GMT" skipped="0">
  <testcase classname="com.tivo.automation.cpi.comparedevprod.TestProgramRichMedias" name="test" time="255.520"/>
</testsuite> <!-- com.tivo.automation.cpi.comparedevprod.TestProgramRichMedias -->
