<?xml version="1.0" encoding="UTF-8"?>
<!-- Generated by org.testng.reporters.JUnitReportReporter -->
<testsuite hostname="Ban-1Skaliya-M.local" failures="0" tests="1" name="com.tivo.automation.cpi.util.TestCpiUtil" time="0.021" errors="0" timestamp="07 Mar 2018 09:28:27 GMT" skipped="0">
  <testcase classname="com.tivo.automation.cpi.util.TestCpiUtil" name="testGetFileNames" time="0.021"/>
</testsuite> <!-- com.tivo.automation.cpi.util.TestCpiUtil -->
