<?xml version="1.0" encoding="UTF-8"?>
<!-- Generated by org.testng.reporters.JUnitReportReporter -->
<testsuite hostname="Ban-1Skaliya-M.local" failures="0" tests="1" name="com.tivo.automation.cpi.Popularity" time="150.626" errors="0" timestamp="24 Apr 2018 05:19:13 GMT" skipped="0">
  <testcase classname="com.tivo.automation.cpi.Popularity" name="test" time="150.626"/>
</testsuite> <!-- com.tivo.automation.cpi.Popularity -->
