<?xml version="1.0" encoding="UTF-8"?>
<!-- Generated by org.testng.reporters.JUnitReportReporter -->
<testsuite hostname="Ban-1Skaliya-M.local" failures="0" tests="1" name="com.tivo.automation.cpi.comparedevprod.TestCredits" time="17.743" errors="0" timestamp="19 Apr 2018 10:28:39 GMT" skipped="0">
  <testcase classname="com.tivo.automation.cpi.comparedevprod.TestCredits" name="test" time="17.743"/>
</testsuite> <!-- com.tivo.automation.cpi.comparedevprod.TestCredits -->
