<?xml version="1.0" encoding="UTF-8"?>
<!-- Generated by org.testng.reporters.JUnitReportReporter -->
<testsuite hostname="Ban-1Skaliya-M.local" failures="0" tests="1" name="com.tivo.automation.cpi.ConnectionsMosaic" time="18.470" errors="0" timestamp="18 Apr 2018 11:29:22 GMT" skipped="0">
  <testcase classname="com.tivo.automation.cpi.ConnectionsMosaic" name="test" time="18.470"/>
</testsuite> <!-- com.tivo.automation.cpi.ConnectionsMosaic -->
