<?xml version="1.0" encoding="UTF-8"?>
<!-- Generated by org.testng.reporters.JUnitReportReporter -->
<testsuite hostname="Ban-1Skaliya-M.local" failures="0" tests="1" name="com.tivo.automation.cpi.connections.Connections3PP" time="95.487" errors="0" timestamp="23 Apr 2018 06:59:09 GMT" skipped="0">
  <testcase classname="com.tivo.automation.cpi.connections.Connections3PP" name="test" time="95.487"/>
</testsuite> <!-- com.tivo.automation.cpi.connections.Connections3PP -->
